<?xml version="1.0" encoding="UTF-8"?>
<!-- Generated by org.testng.reporters.JUnitReportReporter -->
<testsuite skipped="0" hostname="BLRCTS52025218" name="DiscoveryVideo.DiscoveryVideo.DiscoveryAutomation" tests="1" failures="0" timestamp="31 Jul 2019 16:45:12 GMT" time="15.415" errors="0">
  <testcase name="Verify_Video_Addedinto_Favorites" time="15.415" classname="DiscoveryVideo.DiscoveryVideo.DiscoveryAutomation"/>
</testsuite> <!-- DiscoveryVideo.DiscoveryVideo.DiscoveryAutomation -->
